[    0.000000] Initializing cgroup subsys cpuset
[    0.000000] Initializing cgroup subsys cpu
[    0.000000] Initializing cgroup subsys cpuacct
[    0.000000] Linux version 4.4.0-93-generic (buildd@lgw01-03) (gcc version 5.4.0 20160609 (Ubuntu 5.4.0-6ubuntu1~16.04.4) ) #116-Ubuntu SMP Fri Aug 11 21:17:51 UTC 2017 (Ubuntu 4.4.0-93.116-generic 4.4.79)
[    0.000000] Command line: BOOT_IMAGE=/boot/vmlinuz-4.4.0-93-generic root=UUID=bcf61b82-55ff-4907-97b9-ecb6fc02dd7e ro console=tty1 console=ttyS0
[    0.000000] KERNEL supported cpus:
[    0.000000]   Intel GenuineIntel
[    0.000000]   AMD AuthenticAMD
[    0.000000]   Centaur CentaurHauls
[    0.000000] ------------[ cut here ]------------
[    0.000000] WARNING: CPU: 0 PID: 0 at /build/linux-YyUNAI/linux-4.4.0/arch/x86/kernel/fpu/xstate.c:517 fpu__init_system_xstate+0x38b/0x75a()
[    0.000000] XSAVE consistency problem, dumping leaves
[    0.000000] Modules linked in:
[    0.000000] CPU: 0 PID: 0 Comm: swapper Not tainted 4.4.0-93-generic #116-Ubuntu
[    0.000000]  0000000000000086 ec640b40fd6b59bf ffffffff81e03d80 ffffffff813f9f83
[    0.000000]  ffffffff81e03dc8 ffffffff81caa428 ffffffff81e03db8 ffffffff810812f2
[    0.000000]  ffffffff81e03e48 ffffffff81e03e4c 0000000000000008 0000000000000100
[    0.000000] Call Trace:
[    0.000000]  [<ffffffff813f9f83>] dump_stack+0x63/0x90
[    0.000000]  [<ffffffff810812f2>] warn_slowpath_common+0x82/0xc0
[    0.000000]  [<ffffffff8108138c>] warn_slowpath_fmt+0x5c/0x80
[    0.000000]  [<ffffffff8107d000>] ? xfeature_size+0x59/0x77
[    0.000000]  [<ffffffff81f6e20b>] fpu__init_system_xstate+0x38b/0x75a
[    0.000000]  [<ffffffff81f5e120>] ? early_idt_handler_array+0x120/0x120
[    0.000000]  [<ffffffff81f6db76>] fpu__init_system+0x10d/0x245
[    0.000000]  [<ffffffff81f6ec7f>] early_cpu_init+0x139/0x13e
[    0.000000]  [<ffffffff81f6ec7f>] ? early_cpu_init+0x139/0x13e
[    0.000000]  [<ffffffff81f6a181>] setup_arch+0xb4/0xcf6
[    0.000000]  [<ffffffff81f5e120>] ? early_idt_handler_array+0x120/0x120
[    0.000000]  [<ffffffff81f5ec74>] start_kernel+0xe4/0x4a2
[    0.000000]  [<ffffffff81f5e120>] ? early_idt_handler_array+0x120/0x120
[    0.000000]  [<ffffffff81f5e339>] x86_64_start_reservations+0x2a/0x2c
[    0.000000]  [<ffffffff81f5e485>] x86_64_start_kernel+0x14a/0x16d
[    0.000000] ---[ end trace 4d5ff9f2f68c4233 ]---
[    0.000000] CPUID[0d, 00]: eax=00000007 ebx=00000440 ecx=00000440 edx=00000000
[    0.000000] CPUID[0d, 01]: eax=00000000 ebx=000003c0 ecx=00000000 edx=00000000
[    0.000000] CPUID[0d, 02]: eax=00000100 ebx=00000240 ecx=00000000 edx=00000000
[    0.000000] CPUID[0d, 03]: eax=00000000 ebx=00000000 ecx=00000000 edx=00000000
[    0.000000] CPUID[0d, 04]: eax=00000000 ebx=00000000 ecx=00000000 edx=00000000
[    0.000000] CPUID[0d, 05]: eax=00000000 ebx=00000000 ecx=00000000 edx=00000000
[    0.000000] CPUID[0d, 06]: eax=00000000 ebx=00000000 ecx=00000000 edx=00000000
[    0.000000] CPUID[0d, 07]: eax=00000000 ebx=00000000 ecx=00000000 edx=00000000
[    0.000000] CPUID[0d, 08]: eax=00000000 ebx=00000000 ecx=00000000 edx=00000000
[    0.000000] CPUID[0d, 09]: eax=00000000 ebx=00000000 ecx=00000000 edx=00000000
[    0.000000] CPUID[0d, 0a]: eax=00000000 ebx=00000000 ecx=00000000 edx=00000000
[    0.000000] CPUID[0d, 0b]: eax=00000000 ebx=00000000 ecx=00000000 edx=00000000
[    0.000000] CPUID[0d, 0c]: eax=00000000 ebx=00000000 ecx=00000000 edx=00000000
[    0.000000] CPUID[0d, 0d]: eax=00000000 ebx=00000000 ecx=00000000 edx=00000000
[    0.000000] CPUID[0d, 0e]: eax=00000000 ebx=00000000 ecx=00000000 edx=00000000
[    0.000000] CPUID[0d, 0f]: eax=00000000 ebx=00000000 ecx=00000000 edx=00000000
[    0.000000] CPUID[0d, 10]: eax=00000000 ebx=00000000 ecx=00000000 edx=00000000
[    0.000000] CPUID[0d, 11]: eax=00000000 ebx=00000000 ecx=00000000 edx=00000000
[    0.000000] x86/fpu: xstate_offset[2]:  576, xstate_sizes[2]:  256
[    0.000000] x86/fpu: Supporting XSAVE feature 0x01: 'x87 floating point registers'
[    0.000000] x86/fpu: Supporting XSAVE feature 0x02: 'SSE registers'
[    0.000000] x86/fpu: Supporting XSAVE feature 0x04: 'AVX registers'
[    0.000000] x86/fpu: Enabled xstate features 0x7, context size is 1088 bytes, using 'standard' format.
[    0.000000] x86/fpu: Using 'lazy' FPU context switches.
[    0.000000] e820: BIOS-provided physical RAM map:
[    0.000000] BIOS-e820: [mem 0x0000000000000000-0x000000000009fbff] usable
[    0.000000] BIOS-e820: [mem 0x000000000009fc00-0x000000000009ffff] reserved
[    0.000000] BIOS-e820: [mem 0x00000000000f0000-0x00000000000fffff] reserved
[    0.000000] BIOS-e820: [mem 0x0000000000100000-0x000000007ffeffff] usable
[    0.000000] BIOS-e820: [mem 0x000000007fff0000-0x000000007fffffff] ACPI data
[    0.000000] BIOS-e820: [mem 0x00000000fec00000-0x00000000fec00fff] reserved
[    0.000000] BIOS-e820: [mem 0x00000000fee00000-0x00000000fee00fff] reserved
[    0.000000] BIOS-e820: [mem 0x00000000fffc0000-0x00000000ffffffff] reserved
[    0.000000] NX (Execute Disable) protection: active
[    0.000000] SMBIOS 2.5 present.
[    0.000000] Hypervisor detected: KVM
[    0.000000] e820: last_pfn = 0x7fff0 max_arch_pfn = 0x400000000
[    0.000000] MTRR: Disabled
[    0.000000] x86/PAT: MTRRs disabled, skipping PAT initialization too.
[    0.000000] CPU MTRRs all blank - virtualized system.
[    0.000000] x86/PAT: Configuration [0-7]: WB  WT  UC- UC  WB  WT  UC- UC  
[    0.000000] found SMP MP-table at [mem 0x0009fff0-0x0009ffff] mapped at [ffff88000009fff0]
[    0.000000] Scanning 1 areas for low memory corruption
[    0.000000] RAMDISK: [mem 0x3622e000-0x3710efff]
[    0.000000] ACPI: Early table checksum verification disabled
[    0.000000] ACPI: RSDP 0x00000000000E0000 000024 (v02 VBOX  )
[    0.000000] ACPI: XSDT 0x000000007FFF0030 00003C (v01 VBOX   VBOXXSDT 00000001 ASL  00000061)
[    0.000000] ACPI: FACP 0x000000007FFF00F0 0000F4 (v04 VBOX   VBOXFACP 00000001 ASL  00000061)
[    0.000000] ACPI: DSDT 0x000000007FFF0470 0021C8 (v02 VBOX   VBOXBIOS 00000002 INTL 20100528)
[    0.000000] ACPI: FACS 0x000000007FFF0200 000040
[    0.000000] ACPI: FACS 0x000000007FFF0200 000040
[    0.000000] ACPI: APIC 0x000000007FFF0240 000054 (v02 VBOX   VBOXAPIC 00000001 ASL  00000061)
[    0.000000] ACPI: SSDT 0x000000007FFF02A0 0001CC (v01 VBOX   VBOXCPUT 00000002 INTL 20100528)
[    0.000000] No NUMA configuration found
[    0.000000] Faking a node at [mem 0x0000000000000000-0x000000007ffeffff]
[    0.000000] NODE_DATA(0) allocated [mem 0x7ffeb000-0x7ffeffff]
[    0.000000] kvm-clock: Using msrs 4b564d01 and 4b564d00
[    0.000000] kvm-clock: cpu 0, msr 0:7ffe3001, primary cpu clock
[    0.000000] kvm-clock: using sched offset of 3529814995 cycles
[    0.000000] clocksource: kvm-clock: mask: 0xffffffffffffffff max_cycles: 0x1cd42e4dffb, max_idle_ns: 881590591483 ns
[    0.000000] Zone ranges:
[    0.000000]   DMA      [mem 0x0000000000001000-0x0000000000ffffff]
[    0.000000]   DMA32    [mem 0x0000000001000000-0x000000007ffeffff]
[    0.000000]   Normal   empty
[    0.000000]   Device   empty
[    0.000000] Movable zone start for each node
[    0.000000] Early memory node ranges
[    0.000000]   node   0: [mem 0x0000000000001000-0x000000000009efff]
[    0.000000]   node   0: [mem 0x0000000000100000-0x000000007ffeffff]
[    0.000000] Initmem setup node 0 [mem 0x0000000000001000-0x000000007ffeffff]
[    0.000000] ACPI: PM-Timer IO Port: 0x4008
[    0.000000] IOAPIC[0]: apic_id 1, version 32, address 0xfec00000, GSI 0-23
[    0.000000] ACPI: INT_SRC_OVR (bus 0 bus_irq 0 global_irq 2 dfl dfl)
[    0.000000] ACPI: INT_SRC_OVR (bus 0 bus_irq 9 global_irq 9 high level)
[    0.000000] Using ACPI (MADT) for SMP configuration information
[    0.000000] smpboot: Allowing 1 CPUs, 0 hotplug CPUs
[    0.000000] PM: Registered nosave memory: [mem 0x00000000-0x00000fff]
[    0.000000] PM: Registered nosave memory: [mem 0x0009f000-0x0009ffff]
[    0.000000] PM: Registered nosave memory: [mem 0x000a0000-0x000effff]
[    0.000000] PM: Registered nosave memory: [mem 0x000f0000-0x000fffff]
[    0.000000] e820: [mem 0x80000000-0xfebfffff] available for PCI devices
[    0.000000] Booting paravirtualized kernel on KVM
[    0.000000] clocksource: refined-jiffies: mask: 0xffffffff max_cycles: 0xffffffff, max_idle_ns: 7645519600211568 ns
[    0.000000] setup_percpu: NR_CPUS:512 nr_cpumask_bits:512 nr_cpu_ids:1 nr_node_ids:1
[    0.000000] PERCPU: Embedded 34 pages/cpu @ffff88007fc00000 s98328 r8192 d32744 u2097152
[    0.000000] PV qspinlock hash table entries: 256 (order: 0, 4096 bytes)
[    0.000000] Built 1 zonelists in Node order, mobility grouping on.  Total pages: 515961
[    0.000000] Policy zone: DMA32
[    0.000000] Kernel command line: BOOT_IMAGE=/boot/vmlinuz-4.4.0-93-generic root=UUID=bcf61b82-55ff-4907-97b9-ecb6fc02dd7e ro console=tty1 console=ttyS0
[    0.000000] PID hash table entries: 4096 (order: 3, 32768 bytes)
[    0.000000] Memory: 2029656K/2096696K available (8479K kernel code, 1294K rwdata, 3984K rodata, 1492K init, 1316K bss, 67040K reserved, 0K cma-reserved)
[    0.000000] SLUB: HWalign=64, Order=0-3, MinObjects=0, CPUs=1, Nodes=1
[    0.000000] Hierarchical RCU implementation.
[    0.000000] 	Build-time adjustment of leaf fanout to 64.
[    0.000000] 	RCU restricting CPUs from NR_CPUS=512 to nr_cpu_ids=1.
[    0.000000] RCU: Adjusting geometry for rcu_fanout_leaf=64, nr_cpu_ids=1
[    0.000000] NR_IRQS:33024 nr_irqs:256 16
[    0.000000] Console: colour VGA+ 80x25
[    0.000000] console [tty1] enabled
[    0.000000] console [ttyS0] enabled
[    0.000000] tsc: Detected 2591.998 MHz processor
[    2.262709] Calibrating delay loop (skipped) preset value.. 5183.99 BogoMIPS (lpj=10367992)
[    2.274444] pid_max: default: 32768 minimum: 301
[    2.308900] ACPI: Core revision 20150930
[    2.339362] ACPI: 2 ACPI AML tables successfully acquired and loaded
[    2.402821] Security Framework initialized
[    2.420290] Yama: becoming mindful.
[    2.421101] AppArmor: AppArmor initialized
[    2.435828] Dentry cache hash table entries: 262144 (order: 9, 2097152 bytes)
[    2.476937] Inode-cache hash table entries: 131072 (order: 8, 1048576 bytes)
[    2.504596] Mount-cache hash table entries: 4096 (order: 3, 32768 bytes)
[    2.543566] Mountpoint-cache hash table entries: 4096 (order: 3, 32768 bytes)
[    2.546299] Initializing cgroup subsys io
[    2.547038] Initializing cgroup subsys memory
[    2.547806] Initializing cgroup subsys devices
[    2.548518] Initializing cgroup subsys freezer
[    2.566263] Initializing cgroup subsys net_cls
[    2.585255] Initializing cgroup subsys perf_event
[    2.588271] Initializing cgroup subsys net_prio
[    2.601849] Initializing cgroup subsys hugetlb
[    2.604046] Initializing cgroup subsys pids
[    2.607752] CPU: Physical Processor ID: 0
[    2.609737] mce: CPU supports 0 MCE banks
[    2.641700] process: using mwait in idle threads
[    2.643967] Last level iTLB entries: 4KB 64, 2MB 8, 4MB 8
[    2.645123] Last level dTLB entries: 4KB 64, 2MB 0, 4MB 0, 1GB 4
[    2.669494] Freeing SMP alternatives memory: 32K (ffffffff820ba000 - ffffffff820c2000)
[    2.702273] ftrace: allocating 32136 entries in 126 pages
[    2.794522] smpboot: APIC(0) Converting physical 0 to logical package 0
[    2.839050] smpboot: Max logical packages: 1
[    2.840073] x2apic enabled
[    2.928255] Switched APIC routing to physical x2apic.
[    3.076954] ..TIMER: vector=0x30 apic1=0 pin1=2 apic2=-1 pin2=-1
[    3.323937] smpboot: CPU0: Intel(R) Core(TM) i7-6700HQ CPU @ 2.60GHz (family: 0x6, model: 0x5e, stepping: 0x3)
[    3.427567] Performance Events: unsupported p6 CPU model 94 no PMU driver, software events only.
[    3.472435] KVM setup paravirtual spinlock
[    3.493841] x86: Booted up 1 node, 1 CPUs
[    3.525303] smpboot: Total of 1 processors activated (5183.99 BogoMIPS)
[    3.528570] devtmpfs: initialized
[    3.533912] evm: security.selinux
[    3.537668] evm: security.SMACK64
[    3.538487] evm: security.SMACK64EXEC
[    3.540408] evm: security.SMACK64TRANSMUTE
[    3.541348] evm: security.SMACK64MMAP
[    3.546574] evm: security.ima
[    3.547269] evm: security.capability
[    3.549312] clocksource: jiffies: mask: 0xffffffff max_cycles: 0xffffffff, max_idle_ns: 7645041785100000 ns
[    3.551357] futex hash table entries: 256 (order: 2, 16384 bytes)
[    3.560238] pinctrl core: initialized pinctrl subsystem
[    3.568984] RTC time:  1:50:08, date: 09/06/17
[    3.571595] NET: Registered protocol family 16
[    3.587114] cpuidle: using governor ladder
[    3.589224] cpuidle: using governor menu
[    3.590044] PCCT header not found.
[    3.590820] ACPI: bus type PCI registered
[    3.591761] acpiphp: ACPI Hot Plug PCI Controller Driver version: 0.5
[    3.593007] PCI: Using configuration type 1 for base access
[    3.596301] ACPI: Added _OSI(Module Device)
[    3.597128] ACPI: Added _OSI(Processor Device)
[    3.597980] ACPI: Added _OSI(3.0 _SCP Extensions)
[    3.598904] ACPI: Added _OSI(Processor Aggregator Device)
[    3.600353] ACPI: Executed 1 blocks of module-level executable AML code
[    3.603305] ACPI: Interpreter enabled
[    3.606628] ACPI: (supports S0 S5)
[    3.617224] ACPI: Using IOAPIC for interrupt routing
[    3.618507] PCI: Using host bridge windows from ACPI; if necessary, use "pci=nocrs" and report a bug
[    3.624960] ACPI: PCI Root Bridge [PCI0] (domain 0000 [bus 00-ff])
[    3.632327] acpi PNP0A03:00: _OSC: OS supports [ASPM ClockPM Segments MSI]
[    3.633402] acpi PNP0A03:00: _OSC failed (AE_NOT_FOUND); disabling ASPM
[    3.636955] acpi PNP0A03:00: fail to add MMCONFIG information, can't access extended PCI configuration space under this bridge.
[    3.640733] PCI host bridge to bus 0000:00
[    3.643084] pci_bus 0000:00: root bus resource [io  0x0000-0x0cf7 window]
[    3.644349] pci_bus 0000:00: root bus resource [io  0x0d00-0xffff window]
[    3.645573] pci_bus 0000:00: root bus resource [mem 0x000a0000-0x000bffff window]
[    3.648518] pci_bus 0000:00: root bus resource [mem 0x80000000-0xffdfffff window]
[    3.651461] pci_bus 0000:00: root bus resource [bus 00-ff]
[    3.655218] pci 0000:00:01.1: legacy IDE quirk: reg 0x10: [io  0x01f0-0x01f7]
[    3.659296] pci 0000:00:01.1: legacy IDE quirk: reg 0x14: [io  0x03f6]
[    3.674707] pci 0000:00:01.1: legacy IDE quirk: reg 0x18: [io  0x0170-0x0177]
[    3.677545] pci 0000:00:01.1: legacy IDE quirk: reg 0x1c: [io  0x0376]
[    3.724182] pci 0000:00:07.0: quirk: [io  0x4000-0x403f] claimed by PIIX4 ACPI
[    3.741831] pci 0000:00:07.0: quirk: [io  0x4100-0x410f] claimed by PIIX4 SMB
[    3.787073] ACPI: PCI Interrupt Link [LNKA] (IRQs 5 9 10 *11)
[    3.800342] ACPI: PCI Interrupt Link [LNKB] (IRQs 5 9 10 *11)
[    3.802935] ACPI: PCI Interrupt Link [LNKC] (IRQs 5 9 *10 11)
[    3.811371] ACPI: PCI Interrupt Link [LNKD] (IRQs 5 *9 10 11)
[    3.828845] ACPI: Enabled 2 GPEs in block 00 to 07
[    3.846040] vgaarb: setting as boot device: PCI:0000:00:02.0
[    3.849057] vgaarb: device added: PCI:0000:00:02.0,decodes=io+mem,owns=io+mem,locks=none
[    3.858168] vgaarb: loaded
[    3.864895] vgaarb: bridge control possible 0000:00:02.0
[    3.866049] SCSI subsystem initialized
[    3.870475] ACPI: bus type USB registered
[    3.879738] usbcore: registered new interface driver usbfs
[    3.894650] usbcore: registered new interface driver hub
[    3.895817] usbcore: registered new device driver usb
[    3.905471] PCI: Using ACPI for IRQ routing
[    3.914708] NetLabel: Initializing
[    3.917248] NetLabel:  domain hash size = 128
[    3.920355] NetLabel:  protocols = UNLABELED CIPSOv4
[    3.921457] NetLabel:  unlabeled traffic allowed by default
[    3.924042] amd_nb: Cannot enumerate AMD northbridges
[    3.926373] clocksource: Switched to clocksource kvm-clock
[    3.955817] AppArmor: AppArmor Filesystem Enabled
[    3.989636] pnp: PnP ACPI init
[    3.992870] pnp: PnP ACPI: found 3 devices
[    4.000595] clocksource: acpi_pm: mask: 0xffffff max_cycles: 0xffffff, max_idle_ns: 2085701024 ns
[    4.011094] NET: Registered protocol family 2
[    4.012049] TCP established hash table entries: 16384 (order: 5, 131072 bytes)
[    4.027890] TCP bind hash table entries: 16384 (order: 6, 262144 bytes)
[    4.028882] TCP: Hash tables configured (established 16384 bind 16384)
[    4.029848] UDP hash table entries: 1024 (order: 3, 32768 bytes)
[    4.030822] UDP-Lite hash table entries: 1024 (order: 3, 32768 bytes)
[    4.031859] NET: Registered protocol family 1
[    4.039186] pci 0000:00:00.0: Limiting direct PCI/PCI transfers
[    4.040207] pci 0000:00:01.0: Activating ISA DMA hang workarounds
[    4.041269] Unpacking initramfs...
[    4.329376] Freeing initrd memory: 15236K (ffff88003622e000 - ffff88003710f000)
[    4.477327] platform rtc_cmos: registered platform RTC device (no PNP device found)
[    4.615894] Scanning for low memory corruption every 60 seconds
[    4.722322] audit: initializing netlink subsys (disabled)
[    4.723273] audit: type=2000 audit(1504662610.510:1): initialized
[    4.724365] Initialise system trusted keyring
[    4.725144] HugeTLB registered 2 MB page size, pre-allocated 0 pages
[    4.727594] zbud: loaded
[    4.728398] VFS: Disk quotas dquot_6.6.0
[    4.772134] VFS: Dquot-cache hash table entries: 512 (order 0, 4096 bytes)
[    4.774876] squashfs: version 4.0 (2009/01/31) Phillip Lougher
[    4.897308] fuse init (API version 7.23)
[    4.997744] Key type big_key registered
[    5.104883] Allocating IMA MOK and blacklist keyrings.
[    5.235599] Key type asymmetric registered
[    5.242295] Asymmetric key parser 'x509' registered
[    5.243222] Block layer SCSI generic (bsg) driver version 0.4 loaded (major 249)
[    5.244890] io scheduler noop registered
[    5.248940] io scheduler deadline registered (default)
[    5.257690] io scheduler cfq registered
[    5.353099] pci_hotplug: PCI Hot Plug PCI Core version: 0.5
[    5.462916] pciehp: PCI Express Hot Plug Controller Driver version: 0.4
[    5.652543] tsc: Refined TSC clocksource calibration: 2590.996 MHz
[    5.828937] clocksource: tsc: mask: 0xffffffffffffffff max_cycles: 0x255902b5939, max_idle_ns: 440795324782 ns
[    6.064246] ACPI: AC Adapter [AC] (on-line)
[    6.183611] input: Power Button as /devices/LNXSYSTM:00/LNXPWRBN:00/input/input0
[    6.259898] ACPI: Power Button [PWRF]
[    6.332142] input: Sleep Button as /devices/LNXSYSTM:00/LNXSLPBN:00/input/input1
[    6.335003] ACPI: Sleep Button [SLPF]
[    6.362644] ACPI: Battery Slot [BAT0] (battery present)
[    6.424945] GHES: HEST is not enabled!
[    6.468738] Serial: 8250/16550 driver, 32 ports, IRQ sharing enabled
[    6.608021] 00:02: ttyS0 at I/O 0x3f8 (irq = 4, base_baud = 115200) is a 16550A
[    6.720974] Linux agpgart interface v0.103
[    6.782273] loop: module loaded
[    6.835904] scsi host0: ata_piix
[    6.881721] scsi host1: ata_piix
[    6.929608] ata1: PATA max UDMA/33 cmd 0x1f0 ctl 0x3f6 bmdma 0xd000 irq 14
[    7.045848] ata2: PATA max UDMA/33 cmd 0x170 ctl 0x376 bmdma 0xd008 irq 15
[    7.158355] libphy: Fixed MDIO Bus: probed
[    7.218641] tun: Universal TUN/TAP device driver, 1.6
[    7.300583] tun: (C) 1999-2004 Max Krasnyansky <maxk@qualcomm.com>
[    7.399952] PPP generic driver version 2.4.2
[    7.486622] ehci_hcd: USB 2.0 'Enhanced' Host Controller (EHCI) Driver
[    7.589470] ehci-pci: EHCI PCI platform driver
[    7.654254] ehci-platform: EHCI generic platform driver
[    7.738636] ohci_hcd: USB 1.1 'Open' Host Controller (OHCI) Driver
[    7.866670] ohci-pci: OHCI PCI platform driver
[    7.977609] ohci-platform: OHCI generic platform driver
[    8.094213] uhci_hcd: USB Universal Host Controller Interface driver
[    8.239823] i8042: PNP: PS/2 Controller [PNP0303:PS2K,PNP0f03:PS2M] at 0x60,0x64 irq 1,12
[    8.422263] serio: i8042 KBD port at 0x60,0x64 irq 1
[    8.476778] serio: i8042 AUX port at 0x60,0x64 irq 12
[    8.477930] mousedev: PS/2 mouse device common for all mice
[    8.480772] input: AT Translated Set 2 keyboard as /devices/platform/i8042/serio0/input/input2
[    8.485618] rtc_cmos rtc_cmos: rtc core: registered rtc_cmos as rtc0
[    8.536100] rtc_cmos rtc_cmos: alarms up to one day, 114 bytes nvram
[    8.627225] i2c /dev entries driver
[    8.669920] device-mapper: uevent: version 1.0.3
[    8.730737] device-mapper: ioctl: 4.34.0-ioctl (2015-10-28) initialised: dm-devel@redhat.com
[    8.864177] ledtrig-cpu: registered to indicate activity on CPUs
[    8.979075] NET: Registered protocol family 10
[    9.050856] NET: Registered protocol family 17
[    9.111871] Key type dns_resolver registered
[    9.195397] microcode: CPU0 sig=0x506e3, pf=0x2, revision=0x0
[    9.230682] microcode: Microcode Update Driver: v2.01 <tigran@aivazian.fsnet.co.uk>, Peter Oruba
[    9.391554] registered taskstats version 1
[    9.525557] Loading compiled-in X.509 certificates
[    9.620528] Loaded X.509 cert 'Build time autogenerated kernel key: a6f98c496ad22cf23b77f8fe21ff88c41791cbd4'
[    9.946038] zswap: loaded using pool lzo/zbud
[   10.063789] Key type trusted registered
[   10.194233] Key type encrypted registered
[   10.325779] AppArmor: AppArmor sha1 policy hashing enabled
[   10.510723] ima: No TPM chip found, activating TPM-bypass!
[   10.636328] evm: HMAC attrs: 0x1
[   10.637177]   Magic number: 1:359:811
[   10.638037] rtc_cmos rtc_cmos: setting system clock to 2017-09-06 01:50:15 UTC (1504662615)
[   10.639927] BIOS EDD facility v0.16 2004-Jun-25, 0 devices found
[   10.776661] EDD information not available.
[   10.922117] Freeing unused kernel memory: 1492K (ffffffff81f45000 - ffffffff820ba000)
[   11.097834] Write protecting the kernel read-only data: 14336k
[   11.099082] Freeing unused kernel memory: 1748K (ffff88000184b000 - ffff880001a00000)
[   11.102168] Freeing unused kernel memory: 112K (ffff880001de4000 - ffff880001e00000)
Loading, please [   11.192437] random: udevadm: uninitialized urandom read (16 bytes read, 7 bits of entropy available)
wait...
startin[   11.510814] random: systemd-udevd: uninitialized urandom read (16 bytes read, 7 bits of entropy available)
g version 229
[   11.712450] random: systemd-udevd: uninitialized urandom read (16 bytes read, 7 bits of entropy available)
[   11.783500] random: systemd-udevd: uninitialized urandom read (16 bytes read, 7 bits of entropy available)
[   11.861161] random: udevadm: uninitialized urandom read (16 bytes read, 7 bits of entropy available)
[   11.862811] random: udevadm: uninitialized urandom read (16 bytes read, 7 bits of entropy available)
[   11.949904] random: systemd-udevd: uninitialized urandom read (16 bytes read, 7 bits of entropy available)
[   11.959334] random: udevadm: uninitialized urandom read (16 bytes read, 7 bits of entropy available)
[   11.981431] random: udevadm: uninitialized urandom read (16 bytes read, 7 bits of entropy available)
[   12.140813] random: udevadm: uninitialized urandom read (16 bytes read, 7 bits of entropy available)
[   12.189806] e1000: Intel(R) PRO/1000 Network Driver - version 7.3.21-k8-NAPI
[   12.433835] e1000: Copyright (c) 1999-2006 Intel Corporation.
[   12.568934] Fusion MPT base driver 3.04.20
[   12.613334] Copyright (c) 1999-2008 LSI Corporation
[   12.674143] AVX version of gcm_enc/dec engaged.
[   12.688389] AES CTR mode by8 optimization enabled
[   12.722602] Fusion MPT SPI Host driver 3.04.20
[   12.796701] mptbase: ioc0: Initiating bringup
[   12.859643] input: ImExPS/2 Generic Explorer Mouse as /devices/platform/i8042/serio1/input/input4
[   13.146517] ioc0: LSI53C1030 A0: Capabilities={Initiator}
[   13.450859] scsi host2: ioc0: LSI53C1030 A0, FwRev=00000000h, Ports=1, MaxQ=256, IRQ=20
[   13.786423] scsi 2:0:0:0: Direct-Access     VBOX     HARDDISK         1.0  PQ: 0 ANSI: 5
[   13.888003] scsi target2:0:0: Beginning Domain Validation
[   14.125596] scsi target2:0:0: Domain Validation skipping write tests
[   14.206898] scsi target2:0:0: Ending Domain Validation
[   14.291844] scsi target2:0:0: asynchronous
[   14.558788] scsi 2:0:1:0: Direct-Access     VBOX     HARDDISK         1.0  PQ: 0 ANSI: 5
[   14.795874] scsi target2:0:1: Beginning Domain Validation
[   14.987361] e1000 0000:00:03.0 eth0: (PCI:33MHz:32-bit) 02:55:49:e6:89:8c
[   15.225821] e1000 0000:00:03.0 eth0: Intel(R) PRO/1000 Network Connection
[   15.318053] scsi target2:0:1: Domain Validation skipping write tests
[   15.413854] scsi target2:0:1: Ending Domain Validation
[   15.598118] scsi target2:0:1: asynchronous
[   15.744096] floppy0: no floppy controllers found
[   16.015339] sd 2:0:0:0: Attached scsi generic sg0 type 0
[   16.031736] sd 2:0:0:0: [sda] 20971520 512-byte logical blocks: (10.7 GB/10.0 GiB)
[   16.077683] sd 2:0:1:0: Attached scsi generic sg1 type 0
[   16.243628] sd 2:0:1:0: [sdb] 20480 512-byte logical blocks: (10.5 MB/10.0 MiB)
[   16.484046] sd 2:0:0:0: [sda] Write Protect is off
[   16.776840] sd 2:0:0:0: [sda] Incomplete mode parameter data
[   16.928431] sd 2:0:0:0: [sda] Assuming drive cache: write through
[   17.111114] sd 2:0:1:0: [sdb] Write Protect is off
[   17.111952] sd 2:0:1:0: [sdb] Incomplete mode parameter data
[   17.112941] sd 2:0:1:0: [sdb] Assuming drive cache: write through
[   17.118170]  sda: sda1
[   17.196010] sd 2:0:0:0: [sda] Attached SCSI disk
[   17.343894] e1000 0000:00:08.0 eth1: (PCI:33MHz:32-bit) 08:00:27:48:62:43
[   17.355113] e1000 0000:00:08.0 eth1: Intel(R) PRO/1000 Network Connection
[   17.356880] sd 2:0:1:0: [sdb] Attached SCSI disk
[   17.358256] e1000 0000:00:08.0 enp0s8: renamed from eth1
[   17.362881] e1000 0000:00:03.0 enp0s3: renamed from eth0
Begin: Loading e[   18.721877] md: linear personality registered for level -1
ssential drivers[   18.913439] md: multipath personality registered for level -4
 ... [   19.117952] md: raid0 personality registered for level 0
[   19.277361] md: raid1 personality registered for level 1
[   19.442710] raid6: sse2x1   gen()  6911 MB/s
[   19.594633] raid6: sse2x1   xor()  4445 MB/s
[   19.758588] raid6: sse2x2   gen()  9143 MB/s
[   19.930543] raid6: sse2x2   xor()  6593 MB/s
[   20.106647] raid6: sse2x4   gen() 10977 MB/s
[   20.230629] raid6: sse2x4   xor()  6935 MB/s
[   20.328654] raid6: using algorithm sse2x4 gen() 10977 MB/s
[   20.360354] raid6: .... xor() 6935 MB/s, rmw enabled
[   20.390575] raid6: using ssse3x2 recovery algorithm
[   20.428612] xor: automatically using best checksumming function:
[   20.490470]    avx       : 17099.000 MB/sec
[   20.534449] async_tx: api initialized (async)
[   20.626184] md: raid6 personality registered for level 6
[   20.757380] md: raid5 personality registered for level 5
[   20.766114] md: raid4 personality registered for level 4
[   20.772929] md: raid10 personality registered for level 10
done.
Begin: Running /scripts/init-premount ... done[   20.923960] Btrfs loaded
.
Begin: Mounting root file system ... Begin: Running /scripts/[   21.023535] EXT4-fs (sda1): mounted filesystem with ordered data mode. Opts: (null)
local-top ... done.
Begin: Running /scripts/local-premount ... Scanning for Btrfs filesystems
done.
Warning: fsck not present, so skipping root file system
done.
Begin: Running /scripts/local-bottom ... done.
Begin: Running /scripts/init-bottom ... done.
[   21.156203] systemd[1]: systemd 229 running in system mode. (+PAM +AUDIT +SELINUX +IMA +APPARMOR +SMACK +SYSVINIT +UTMP +LIBCRYPTSETUP +GCRYPT +GNUTLS +ACL +XZ -LZ4 +SECCOMP +BLKID +ELFUTILS +KMOD -IDN)
[   21.215572] systemd[1]: Detected virtualization oracle.
[   21.221069] systemd[1]: Detected architecture x86-64.

Welcome to [1mUbuntu 16.04.3 LTS[0m!

[   21.231649] systemd[1]: Set hostname to <hugo-vm>.
[   21.408824] systemd[1]: Listening on Device-mapper event daemon FIFOs.
[[0;32m  OK  [0m] Listening on Device-mapper event daemon FIFOs.
[   21.452691] systemd[1]: Reached target Encrypted Volumes.
[[0;32m  OK  [0m] Reached target Encrypted Volumes.
[   21.510684] systemd[1]: Listening on LVM2 metadata daemon socket.
[[0;32m  OK  [0m] Listening on LVM2 metadata daemon socket.
[   21.588931] systemd[1]: Set up automount Arbitrary Executable File Formats File System Automount Point.
[[0;32m  OK  [0m] Set up automount Arbitrary Executab...ats File System Automount Point.
[   21.703180] systemd[1]: Listening on Journal Socket (/dev/log).
[[0;32m  OK  [0m] Listening on Journal Socket (/dev/log).
[   21.743291] systemd[1]: Created slice System Slice.
[[0;32m  OK  [0m] Created slice System Slice.
[   21.815618] systemd[1]: Listening on Journal Audit Socket.
[[0;32m  OK  [0m] Listening on Journal Audit Socket.
[   21.882763] systemd[1]: Listening on Syslog Socket.
[[0;32m  OK  [0m] Listening on Syslog Socket.
[   22.019001] systemd[1]: Created slice system-serial\x2dgetty.slice.
[[0;32m  OK  [0m] Created slice system-serial\x2dgetty.slice.
[   22.215619] systemd[1]: Listening on LVM2 poll daemon socket.
[[0;32m  OK  [0m] Listening on LVM2 poll daemon socket.
[   22.338892] systemd[1]: Listening on Journal Socket.
[[0;32m  OK  [0m] Listening on Journal Socket.
[   22.403982] systemd[1]: Starting Set console keymap...
[   22.549740] random: nonblocking pool is initialized
         Starting Set console keymap...
[   22.648993] systemd[1]: Starting Uncomplicated firewall...
         Starting Uncomplicated firewall...
[   22.703623] systemd[1]: Mounting Huge Pages File System...
         Mounting Huge Pages File System...
[   22.819029] systemd[1]: Starting Monitoring of LVM2 mirrors, snapshots etc. using dmeventd or progress polling...
         Starting Monitoring of LVM2 mirrors... dmeventd or progress polling...
[   23.008179] systemd[1]: Starting Remount Root and Kernel File Systems...
         Starting Remount Root and Kernel File Systems...
[   23.020343] systemd[1]: Mounting POSIX Message Queue File System...
[   23.030159] EXT4-fs (sda1): re-mounted. Opts: (null)
         Mounting POSIX Message Queue File System...
[   23.095145] systemd[1]: Starting Load Kernel Modules...
         Starting Load Ke[   23.204148] Loading iSCSI transport class v2.0-870.
rnel Modules...[   23.368251] iscsi: registered transport (tcp)

[   23.532866] systemd[1]: Started Trigger resolvconf update for networkd DNS.
[[0;32m  OK  [0m] Started Trigger resolvconf up[   23.688460] iscsi: registered transport (iser)
date for networkd DNS.
[   23.714411] systemd[1]: Starting Journal Service...
         Starting Journal Service...
[   23.895188] systemd[1]: Reached target Swap.
[[0;32m  OK  [0m] Reached target Swap.
[   24.043054] systemd[1]: Reached target User and Group Name Lookups.
[[0;32m  OK  [0m] Reached target User and Group Name Lookups.
[   24.239581] systemd[1]: Mounting Debug File System...
         Mounting Debug File System...
[   24.376243] systemd[1]: Starting Nameserver information manager...
         Starting Nameserver information manager...
[   24.614608] systemd[1]: Listening on /dev/initctl Compatibility Named Pipe.
[[0;32m  OK  [0m] Listening on /dev/initctl Compatibility Named Pipe.
[   24.747107] systemd[1]: Listening on udev Kernel Socket.
[[0;32m  OK  [0m] Listening on udev Kernel Socket.
[   24.923066] systemd[1]: Starting Create list of required static device nodes for the current kernel...
         Starting Create list of required st... nodes for the current kernel...
[   25.258865] systemd[1]: Started Forward Password Requests to Wall Directory Watch.
[[0;32m  OK  [0m] Started Forward Password Requests to Wall Directory Watch.
[   25.518593] systemd[1]: Listening on udev Control Socket.
[[0;32m  OK  [0m] Listening on udev Control Socket.
[   25.679054] systemd[1]: Created slice User and Session Slice.
[[0;32m  OK  [0m] Created slice User and Session Slice.
[   25.821685] systemd[1]: Reached target Slices.
[[0;32m  OK  [0m] Reached target Slices.
[   25.912901] systemd[1]: Mounted Debug File System.
[[0;32m  OK  [0m] Mounted Debug File System.
[   26.062762] systemd[1]: Mounted POSIX Message Queue File System.
[[0;32m  OK  [0m] Mounted POSIX Message Queue File System.
[   26.307581] systemd[1]: Mounted Huge Pages File System.
[[0;32m  OK  [0m] Mounted Huge Pages File System.
[   26.479259] systemd[1]: Started Journal Service.
[[0;32m  OK  [0m] Started Journal Service.
[[0;32m  OK  [0m] Started Set console keymap.
[[0;32m  OK  [0m] Started Uncomplicated firewall.
[[0;32m  OK  [0m] Started Remount Root and Kernel File Systems.
[[0;32m  OK  [0m] Started Load Kernel Modules.
[[0;32m  OK  [0m] Started Create list of required sta...ce nodes for the current kernel.
[[0;32m  OK  [0m] Started Nameserver information manager.
[[0;32m  OK  [0m] Started LVM2 metadata daemon.
         Starting Create Static Device Nodes in /dev...
         Starting Apply Kernel Variables...
         Mounting FUSE Control File System...
         Starting Load/Save Random Seed...
         Starting udev Coldplug all Devices...
         Starting Initial cloud-init job (pre-networking)...
         Starting Flush Journal to Persistent Storage...
[[0;32m  OK  [0m] Mounted FUSE Control File System.
[[0;32m  OK  [0m] Started Monitoring of LVM2 mirrors,...ng dmeventd or progress polling.
[[0;32m  OK  [0m] Started Create Static Device Nodes in /dev.
[[0;32m  OK  [0m] Started Apply Kernel Variables.
[[0;32m  OK  [0m] Started Load/Save Random Seed.
[[0;32m  OK  [0m] Started udev Coldplug all Devices.
         Starting udev Kernel Device Manager...
[[0;32m  OK  [0m] Started Flush Journal to Persistent Storage.
[[0;32m  OK  [0m] Started udev Kernel Device Manager.
[[0;32m  OK  [0m] Started Dispatch Password Requests to Console Directory Watch.
[[0;32m  OK  [0m] Reached target Local File Systems (Pre).
[[0;32m  OK  [0m] Reached target Local File Systems.
         Starting Set console font and keymap...
         Starting LSB: AppArmor initialization...
         Starting Tell Plymouth To Write Out Runtime Data...
         Starting Create Volatile Files and Directories...
[[0;32m  OK  [0m] Started Tell Plymouth To Write Out Runtime Data.
[[0;32m  OK  [0m] Started Create Volatile Files and Directories.
[[0;32m  OK  [0m] Reached target System Time Synchronized.
         Starting Update UTMP about System Boot/Shutdown...
[[0;32m  OK  [0m] Started LSB: AppArmor initialization.
[[0;32m  OK  [0m] Found device /dev/ttyS0.
[[0;32m  OK  [0m] Started Update UTMP about System Boot/Shutdown.
[[0;32m  OK  [0m] Found device 82540EM Gigabit Ethern...r (PRO/1000 MT Desktop Adapter).
[[0;32m  OK  [0m] Found device 82540EM Gigabit Ethern...r (PRO/1000 MT Desktop Adapter).
[[0;32m  OK  [0m] Started Set console font and keymap.
[   25.190751] cloud-init[469]: Cloud-init v. 0.7.9 running 'init-local' at Wed, 06 Sep 2017 01:50:33 +0000. Up 24.73 seconds.
[[0;32m  OK  [0m] Started Initial cloud-init job (pre-networking).
[[0;32m  OK  [0m] Listening on Load/Save RF Kill Switch Status /dev/rfkill Watch.
[[0;32m  OK  [0m] Reached target Network (Pre).
[[0;32m  OK  [0m] Started ifup for enp0s8.
[[0;32m  OK  [0m] Started ifup for enp0s3.
         Starting Raise network interfaces...
[[0;32m  OK  [0m] Created slice system-getty.slice.
[[0;32m  OK  [0m] Started Raise network interfaces.
         Starting Initial cloud-init job (metadata service crawler)...
[[0;32m  OK  [0m] Reached target Network.
[   27.791644] cloud-init[1052]: Cloud-init v. 0.7.9 running 'init' at Wed, 06 Sep 2017 01:50:35 +0000. Up 27.54 seconds.
[   27.904524] cloud-init[1052]: ci-info: ++++++++++++++++++++++++++++++++++++++Net device info++++++++++++++++++++++++++++++++++++++
[[0;32m  OK  [0m] Started Initial cloud-init job (metadata service crawler).
[[0;32m  OK  [0m] Reached target Cloud-config availability.
[[0;32m  OK  [0m] Reached target System Initialization.
[[0;32m  OK  [0m] Started Daily Cleanup of Temporary Directories.
[[0;32m  OK  [0m] Listening on UUID daemon activation socket.
[[0;32m  OK  [0m] Listening on D-Bus System Message Bus Socket.
[[0;32m  OK  [0m] Listening on ACPID Listen Socket.
[   28.031778] cloud-init[1052]: ci-info: +--------+------+-----------------------------+---------------+-------+-------------------+
[   28.611521] cloud-init[1052]: ci-info: | Device |  Up  |           Address           |      Mask     | Scope |     Hw-Address    |
[   28.793171] cloud-init[1052]: ci-info: +--------+------+-----------------------------+---------------+-------+-------------------+
[[0;32m  OK  [0m] Started ACPI Events Check.
[[0;32m  OK  [0m] Reached target Paths.
[   28.955004] cloud-init[1052]: ci-info: |   lo   | True |          127.0.0.1          |   255.0.0.0   |   .   |         .         |
[   29.164811] cloud-init[1052]: ci-info: |   lo   | True |           ::1/128           |       .       |  host |         .         |
[[   29.292130] cloud-init[1052]: ci-info: | enp0s3 | True |          10.0.2.15          | 255.255.255.0 |   .   | 02:55:49:e6:89:8c |
[   29.292302] cloud-init[1052]: ci-info: | enp0s3 | True |  fe80::55:49ff:fee6:898c/64 |       .       |  link | 02:55:49:e6:89:8c |
[   29.292328] cloud-init[1052]: ci-info: | enp0s8 | True |        192.168.33.11        | 255.255.255.0 |   .   | 08:00:27:48:62:43 |
[   29.292351] cloud-init[1052]: ci-info: | enp0s8 | True | fe80::a00:27ff:fe48:6243/64 |       .       |  link | 08:00:27:48:62:43 |
[   29.292374] cloud-init[1052]: ci-info: +--------+------+-----------------------------+---------------+-------+-------------------+
[   29.292397] cloud-init[1052]: ci-info: ++++++++++++++++++++++++++++Route IPv4 info++++++++++++++++++++++++++++
[   29.292420] cloud-init[1052]: ci-info: +-------+--------------+----------+---------------+-----------+-------+
[   29.292445] cloud-init[1052]: ci-info: | Route | Destination  | Gateway  |    Genmask    | Interface | Flags |
[   29.292517] cloud-init[1052]: ci-info: +-------+--------------+----------+---------------+-----------+-------+
[   29.292562] cloud-init[1052]: ci-info: |   0   |   0.0.0.0    | 10.0.2.2 |    0.0.0.0    |   enp0s3  |   UG  |
[   29.292586] cloud-init[1052]: ci-info: |   1   |   10.0.2.0   | 0.0.0.0  | 255.255.255.0 |   enp0s3  |   U   |
[   29.292610] cloud-init[1052]: ci-info: |   2   | 192.168.33.0 | 0.0.0.0  | 255.255.255.0 |   enp0s8  |   U   |
[   29.292648] cloud-init[1052]: ci-info: +-------+--------------+----------+---------------+-----------+-------+
[0;32m  OK  [0m] Started Timer to automatically refresh installed snaps.
         Starting Socket activation for snappy daemon.
         Starting LXD - unix socket.
[[0;32m  OK  [0m] Started Timer to automatically fetch and run repair assertions.
[[0;32m  OK  [0m] Reached target Network is Online.
         Starting iSCSI initiator daemon (iscsid)...
[[0;32m  OK  [0m] Started Daily apt download activities.
[[0;32m  OK  [0m] Started Daily apt upgrade and clean activities.
[[0;32m  OK  [0m] Reached target Timers.
[[0;32m  OK  [0m] Listening on Socket activation for snappy daemon.
[[0;32m  OK  [0m] Listening on LXD - unix socket.
[[0;32m  OK  [0m] Started iSCSI initiator daemon (iscsid).
         Starting Login to default iSCSI targets...
[[0;32m  OK  [0m] Reached target Sockets.
[[0;32m  OK  [0m] Reached target Basic System.
         Starting Login Service...
         Starting vboxadd.service...
         Starting /etc/rc.local Compatibility...
         Starting OpenBSD Secure Shell server...
[[0;32m  OK  [0m] Started ACPI event daemon.
         Starting Accounts Service...
         Starting vboxadd-x11.service...
[[0;32m  OK  [0m] Started D-Bus System Message Bus.
         Starting LXD - container startup/shutdown...
         Starting LSB: Record successful boot for GRUB...
[[0;32m  OK  [0m] Started Deferred execution scheduler.
         Starting System Logging Service...
[[0;32m  OK  [0m] Started Regular background program processing daemon.
[[0;32m  OK  [0m] Started FUSE filesystem for LXC.
         Starting LSB: MD monitoring daemon...
         Starting Apply the settings specified in cloud-config...
[[0;32m  OK  [0m] Started Unattended Upgrades Shutdown.
         Starting Snappy daemon...
[[0;32m  OK  [0m] Started OpenBSD Secure Shell server.
[[0;32m  OK  [0m] Started System Logging Service.
[[0;32m  OK  [0m] Started /etc/rc.local Compatibility.
[[0;32m  OK  [0m] Started LXD - container startup/shutdown.
[[0;32m  OK  [0m] Started Snappy daemon.
[[0;32m  OK  [0m] Started vboxadd-x11.service.
[[0;32m  OK  [0m] Started Login to default iSCSI targets.
[[0;32m  OK  [0m] Started vboxadd.service.
[[0;32m  OK  [0m] Started LSB: Record successful boot for GRUB.
[[0;32m  OK  [0m] Started LSB: MD monitoring daemon.
[[0;32m  OK  [0m] Started Login Service.
         Starting Authenticate and Authorize Users to Run Privileged Tasks...
         Starting vboxadd-service.service...
[[0;32m  OK  [0m] Reached target Remote File Systems (Pre).
[[0;32m  OK  [0m] Reached target Remote File Systems.
         Starting Permit User Sessions...
         Starting LSB: daemon to balance interrupts for SMP systems...
         Starting LSB: automatic crash report generation...
         Starting LSB: Start NTP daemon...
         Starting LSB: Set the CPU Frequency Scaling governor to "ondemand"...
[   31.502903] cloud-init[1192]: Cloud-init v. 0.7.9 running 'modules:config' at Wed, 06 Sep 2017 01:50:39 +0000. Up 31.40 seconds.
         Starting Auto import assertions from block devices...
[[0;32m  OK  [0m] Started Apply the settings specified in cloud-config.
[[0;32m  OK  [0m] Started vboxadd-service.service.
[[0;32m  OK  [0m] Started Permit User Sessions.
[[0;32m  OK  [0m] Started Auto import assertions from block devices.
[[0;32m  OK  [0m] Started Authenticate and Authorize Users to Run Privileged Tasks.
[[0;32m  OK  [0m] Started Accounts Service.
[[0;32m  OK  [0m] Started LSB: daemon to balance interrupts for SMP systems.
[[0;32m  OK  [0m] Started LSB: automatic crash report generation.
[[0;32m  OK  [0m] Started LSB: Start NTP daemon.
[[0;32m  OK  [0m] Started LSB: Set the CPU Frequency Scaling governor to "ondemand".
[[0;32m  OK  [0m] Created slice User Slice of ubuntu.
         Starting User Manager for UID 1000...
[[0;32m  OK  [0m] Started Session 1 of user ubuntu.
         Starting Hold until boot process finishes up...
         Starting Terminate Plymouth Boot Screen...
[[0;32m  OK  [0m] Started User Manager for UID 1000.
[[0;32m  OK  [0m] Started Hold until boot process finishes up.
[[0;32m  OK  [0m] Started Terminate Plymouth Boot Screen.
         Starting Set console scheme...
[[0;32m  OK  [0m] Started Serial Getty on ttyS0.
[[0;32m  OK  [0m] Started Getty on tty1.
[[0;32m  OK  [0m] Reached target Login Prompts.
[[0;32m  OK  [0m] Reached target Multi-User System.
[[0;32m  OK  [0m] Reached target Graphical Interface.
         Starting Update UTMP about System Runlevel Changes...
         Starting Execute cloud user/final scripts...
[[0;32m  OK  [0m] Started Set console scheme.
[[0;32m  OK  [0m] Started Update UTMP about System Runlevel Changes.
[   33.740048] cloud-init[1409]: Cloud-init v. 0.7.9 running 'modules:final' at Wed, 06 Sep 2017 01:50:41 +0000. Up 33.64 seconds.
[   33.881078] cloud-init[1409]: Cloud-init v. 0.7.9 finished at Wed, 06 Sep 2017 01:50:42 +0000. Datasource DataSourceNoCloud [seed=/dev/sdb][dsmode=net].  Up 33.73 seconds
[[0;32m  OK  [0m] Started Execute cloud user/final scripts.
[[0;32m  OK  [0m] Reached target Cloud-init target.

Ubuntu 16.04.3 LTS hugo-vm ttyS0

hugo-vm login: 